{"/Users/mram/Documents/Hema/SoftwarePortfolio/web-application-portfolio/divya-desams-music/src/App.js": {"path":"/Users/mram/Documents/Hema/SoftwarePortfolio/web-application-portfolio/divya-desams-music/src/App.js","statementMap":{"0":{"start":{"line":4,"column":12},"end":{"line":6,"column":1}},"1":{"start":{"line":5,"column":1},"end":{"line":5,"column":75}}},"fnMap":{"0":{"name":"(anonymous_0)","decl":{"start":{"line":4,"column":12},"end":{"line":4,"column":13}},"loc":{"start":{"line":4,"column":18},"end":{"line":6,"column":1}},"line":4}},"branchMap":{},"s":{"0":1,"1":1},"f":{"0":1},"b":{},"_coverageSchema":"1a1c01bbd47fc00a2c39e90264f33305004495a9","hash":"f4b80479af70b2e78589f281df1b41bd1656c803"}
,"/Users/mram/Documents/Hema/SoftwarePortfolio/web-application-portfolio/divya-desams-music/src/index.js": {"path":"/Users/mram/Documents/Hema/SoftwarePortfolio/web-application-portfolio/divya-desams-music/src/index.js","statementMap":{"0":{"start":{"line":4,"column":0},"end":{"line":4,"column":58}}},"fnMap":{},"branchMap":{},"s":{"0":0},"f":{},"b":{}}
}
